#
# There is insufficient memory for the Java Runtime Environment to continue.
# Native memory allocation (mmap) failed to map 266338304 bytes for G1 virtual space
# Possible reasons:
#   The system is out of physical RAM or swap space
#   The process is running with CompressedOops enabled, and the Java Heap may be blocking the growth of the native heap
# Possible solutions:
#   Reduce memory load on the system
#   Increase physical memory or swap space
#   Check if swap backing store is full
#   Decrease Java heap size (-Xmx/-Xms)
#   Decrease number of Java threads
#   Decrease Java thread stack sizes (-Xss)
#   Set larger code cache with -XX:ReservedCodeCacheSize=
#   JVM is running with Zero Based Compressed Oops mode in which the Java heap is
#     placed in the first 32GB address space. The Java Heap base address is the
#     maximum limit for the native heap growth. Please use -XX:HeapBaseMinAddress
#     to set the Java Heap base and to place the Java Heap above 32GB virtual address.
# This output file may be truncated or incomplete.
#
#  Out of Memory Error (os_windows.cpp:3769), pid=22512, tid=19440
#
# JRE version:  (17.0.6+10) (build )
# Java VM: OpenJDK 64-Bit Server VM (17.0.6+10-b829.9, mixed mode, sharing, tiered, compressed oops, compressed class ptrs, g1 gc, windows-amd64)
# No core dump will be written. Minidumps are not enabled by default on client versions of Windows
#

---------------  S U M M A R Y ------------

Command Line: git4idea.http.GitAskPassApp Username for 'https://github.com': 

Host: Intel(R) Core(TM) i5-10500 CPU @ 3.10GHz, 12 cores, 15G,  Windows 11 , 64 bit Build 22621 (10.0.22621.2506)
Time: Fri Nov 24 16:40:32 2023 E. Africa Standard Time elapsed time: 0.010674 seconds (0d 0h 0m 0s)

---------------  T H R E A D  ---------------

Current thread (0x0000021a6563cc30):  JavaThread "Unknown thread" [_thread_in_vm, id=19440, stack(0x000000c39bf00000,0x000000c39c000000)]

Stack: [0x000000c39bf00000,0x000000c39c000000]
Native frames: (J=compiled Java code, j=interpreted, Vv=VM code, C=native code)
V  [jvm.dll+0x683c5a]
V  [jvm.dll+0x842764]
V  [jvm.dll+0x843f5e]
V  [jvm.dll+0x8445c3]
V  [jvm.dll+0x249b75]
V  [jvm.dll+0x680b29]
V  [jvm.dll+0x67501a]
V  [jvm.dll+0x309acb]
V  [jvm.dll+0x310f86]
V  [jvm.dll+0x3608ee]
V  [jvm.dll+0x360b1f]
V  [jvm.dll+0x2dfbf8]
V  [jvm.dll+0x2e0b64]
V  [jvm.dll+0x814051]
V  [jvm.dll+0x36e6a1]
V  [jvm.dll+0x7f358c]
V  [jvm.dll+0x3f0e8f]
V  [jvm.dll+0x3f29d1]
C  [jli.dll+0x526b]
C  [ucrtbase.dll+0x29363]
C  [KERNEL32.DLL+0x1257d]
C  [ntdll.dll+0x5aa58]


---------------  P R O C E S S  ---------------

Threads class SMR info:
_java_thread_list=0x00007ffb3f2cc058, length=0, elements={
}

Java Threads: ( => current thread )

Other Threads:
  0x0000021a656aa6e0 GCTaskThread "GC Thread#0" [stack: 0x000000c39c000000,0x000000c39c100000] [id=26244]
  0x0000021a656bb370 ConcurrentGCThread "G1 Main Marker" [stack: 0x000000c39c100000,0x000000c39c200000] [id=26140]
  0x0000021a656bc520 ConcurrentGCThread "G1 Conc#0" [stack: 0x000000c39c200000,0x000000c39c300000] [id=22848]

[error occurred during error reporting (printing all threads), id 0xc0000005, EXCEPTION_ACCESS_VIOLATION (0xc0000005) at pc=0x00007ffb3ea80797]

VM state: not at safepoint (not fully initialized)

VM Mutex/Monitor currently owned by a thread:  ([mutex/lock_event])
[0x0000021a65638b50] Heap_lock - owner thread: 0x0000021a6563cc30

Heap address: 0x0000000702a00000, size: 4054 MB, Compressed Oops mode: Zero based, Oop shift amount: 3

CDS archive(s) mapped at: [0x0000000000000000-0x0000000000000000-0x0000000000000000), size 0, SharedBaseAddress: 0x0000000800000000, ArchiveRelocationMode: 0.
Narrow klass base: 0x0000000000000000, Narrow klass shift: 0, Narrow klass range: 0x0

GC Precious Log:
<Empty>

Heap:
 garbage-first heap   total 0K, used 0K [0x0000000702a00000, 0x0000000800000000)
  region size 2048K, 0 young (0K), 0 survivors (0K)

[error occurred during error reporting (printing heap information), id 0xc0000005, EXCEPTION_ACCESS_VIOLATION (0xc0000005) at pc=0x00007ffb3ee6da49]

GC Heap History (0 events):
No events

Dll operation events (1 events):
Event: 0.007 Loaded shared library C:\Program Files\JetBrains\PyCharm 2023.1.2\jbr\bin\java.dll

Deoptimization events (0 events):
No events

Classes unloaded (0 events):
No events

Classes redefined (0 events):
No events

Internal exceptions (0 events):
No events

VM Operations (0 events):
No events

Events (0 events):
No events


Dynamic libraries:
0x00007ff68d480000 - 0x00007ff68d48a000 	C:\Program Files\JetBrains\PyCharm 2023.1.2\jbr\bin\java.exe
0x00007ffbbba30000 - 0x00007ffbbbc47000 	C:\WINDOWS\SYSTEM32\ntdll.dll
0x00007ffbbb0c0000 - 0x00007ffbbb184000 	C:\WINDOWS\System32\KERNEL32.DLL
0x00007ffbb8da0000 - 0x00007ffbb9145000 	C:\WINDOWS\System32\KERNELBASE.dll
0x00007ffbb9510000 - 0x00007ffbb9621000 	C:\WINDOWS\System32\ucrtbase.dll
0x00007ffb3e740000 - 0x00007ffb3e757000 	C:\Program Files\JetBrains\PyCharm 2023.1.2\jbr\bin\jli.dll
0x00007ffbba390000 - 0x00007ffbba53e000 	C:\WINDOWS\System32\USER32.dll
0x00007ffb93660000 - 0x00007ffb9367b000 	C:\Program Files\JetBrains\PyCharm 2023.1.2\jbr\bin\VCRUNTIME140.dll
0x00007ffb965c0000 - 0x00007ffb96853000 	C:\WINDOWS\WinSxS\amd64_microsoft.windows.common-controls_6595b64144ccf1df_6.0.22621.2506_none_270c5ae97388e100\COMCTL32.dll
0x00007ffbb9750000 - 0x00007ffbb9776000 	C:\WINDOWS\System32\win32u.dll
0x00007ffbbb200000 - 0x00007ffbbb229000 	C:\WINDOWS\System32\GDI32.dll
0x00007ffbba2e0000 - 0x00007ffbba387000 	C:\WINDOWS\System32\msvcrt.dll
0x00007ffbb9630000 - 0x00007ffbb9749000 	C:\WINDOWS\System32\gdi32full.dll
0x00007ffbb9470000 - 0x00007ffbb950a000 	C:\WINDOWS\System32\msvcp_win.dll
0x00007ffbb9df0000 - 0x00007ffbb9e21000 	C:\WINDOWS\System32\IMM32.DLL
0x00007ffb9ecd0000 - 0x00007ffb9ecdc000 	C:\Program Files\JetBrains\PyCharm 2023.1.2\jbr\bin\vcruntime140_1.dll
0x00007ffb6cc80000 - 0x00007ffb6cd0d000 	C:\Program Files\JetBrains\PyCharm 2023.1.2\jbr\bin\msvcp140.dll
0x00007ffb3e790000 - 0x00007ffb3f3fe000 	C:\Program Files\JetBrains\PyCharm 2023.1.2\jbr\bin\server\jvm.dll
0x00007ffbbadb0000 - 0x00007ffbbae61000 	C:\WINDOWS\System32\ADVAPI32.dll
0x00007ffbbb010000 - 0x00007ffbbb0b6000 	C:\WINDOWS\System32\sechost.dll
0x00007ffbbb690000 - 0x00007ffbbb7a7000 	C:\WINDOWS\System32\RPCRT4.dll
0x00007ffb97f30000 - 0x00007ffb97f39000 	C:\WINDOWS\SYSTEM32\WSOCK32.dll
0x00007ffbb2350000 - 0x00007ffbb2384000 	C:\WINDOWS\SYSTEM32\WINMM.dll
0x00007ffbb1470000 - 0x00007ffbb147a000 	C:\WINDOWS\SYSTEM32\VERSION.dll
0x00007ffbbb970000 - 0x00007ffbbb9e1000 	C:\WINDOWS\System32\WS2_32.dll
0x00007ffbb7d00000 - 0x00007ffbb7d18000 	C:\WINDOWS\SYSTEM32\kernel.appcore.dll
0x00007ffba1a30000 - 0x00007ffba1a3a000 	C:\Program Files\JetBrains\PyCharm 2023.1.2\jbr\bin\jimage.dll
0x00007ffb9ab10000 - 0x00007ffb9ad43000 	C:\WINDOWS\SYSTEM32\DBGHELP.DLL
0x00007ffbb9880000 - 0x00007ffbb9c09000 	C:\WINDOWS\System32\combase.dll
0x00007ffbbb5b0000 - 0x00007ffbbb687000 	C:\WINDOWS\System32\OLEAUT32.dll
0x00007ffb9a050000 - 0x00007ffb9a082000 	C:\WINDOWS\SYSTEM32\dbgcore.DLL
0x00007ffbb9380000 - 0x00007ffbb93fa000 	C:\WINDOWS\System32\bcryptPrimitives.dll
0x00007ffb3e760000 - 0x00007ffb3e785000 	C:\Program Files\JetBrains\PyCharm 2023.1.2\jbr\bin\java.dll

dbghelp: loaded successfully - version: 4.0.5 - missing functions: none
symbol engine: initialized successfully - sym options: 0x614 - pdb path: .;C:\Program Files\JetBrains\PyCharm 2023.1.2\jbr\bin;C:\WINDOWS\SYSTEM32;C:\WINDOWS\WinSxS\amd64_microsoft.windows.common-controls_6595b64144ccf1df_6.0.22621.2506_none_270c5ae97388e100;C:\Program Files\JetBrains\PyCharm 2023.1.2\jbr\bin\server

VM Arguments:
java_command: git4idea.http.GitAskPassApp Username for 'https://github.com': 
java_class_path (initial): C:/Program Files/JetBrains/PyCharm 2023.1.2/plugins/vcs-git/lib/git4idea-rt.jar;C:/Program Files/JetBrains/PyCharm 2023.1.2/lib/externalProcess-rt.jar
Launcher Type: SUN_STANDARD

[Global flags]
     intx CICompilerCount                          = 4                                         {product} {ergonomic}
     uint ConcGCThreads                            = 3                                         {product} {ergonomic}
     uint G1ConcRefinementThreads                  = 10                                        {product} {ergonomic}
   size_t G1HeapRegionSize                         = 2097152                                   {product} {ergonomic}
    uintx GCDrainStackTargetSize                   = 64                                        {product} {ergonomic}
   size_t InitialHeapSize                          = 266338304                                 {product} {ergonomic}
   size_t MarkStackSize                            = 4194304                                   {product} {ergonomic}
   size_t MaxHeapSize                              = 4250927104                                {product} {ergonomic}
   size_t MinHeapDeltaBytes                        = 2097152                                   {product} {ergonomic}
   size_t MinHeapSize                              = 8388608                                   {product} {ergonomic}
    uintx NonNMethodCodeHeapSize                   = 5839372                                {pd product} {ergonomic}
    uintx NonProfiledCodeHeapSize                  = 122909434                              {pd product} {ergonomic}
    uintx ProfiledCodeHeapSize                     = 122909434                              {pd product} {ergonomic}
    uintx ReservedCodeCacheSize                    = 251658240                              {pd product} {ergonomic}
     bool SegmentedCodeCache                       = true                                      {product} {ergonomic}
   size_t SoftMaxHeapSize                          = 4250927104                             {manageable} {ergonomic}
     bool UseCompressedClassPointers               = true                           {product lp64_product} {ergonomic}
     bool UseCompressedOops                        = true                           {product lp64_product} {ergonomic}
     bool UseG1GC                                  = true                                      {product} {ergonomic}
     bool UseLargePagesIndividualAllocation        = false                                  {pd product} {ergonomic}

Logging:
Log output configuration:
 #0: stdout all=warning uptime,level,tags
 #1: stderr all=off uptime,level,tags

Environment Variables:
PATH=C:\Program Files\Git\mingw64\libexec\git-core;C:\Program Files\Git\mingw64\libexec\git-core;C:\Program Files\Git\mingw64\bin;C:\Program Files\Git\usr\bin;C:\Users\Allan\bin;D:\BICO\A7\venv\Scripts;C:\Program Files\ImageMagick-7.1.1-Q16-HDRI;C:\WINDOWS\system32;C:\WINDOWS;C:\WINDOWS\System32\Wbem;C:\WINDOWS\System32\WindowsPowerShell\v1.0;C:\WINDOWS\System32\OpenSSH;C:\Program Files\Git\cmd;C:\Program Files\gettext-iconv\bin;C:\Program Files\nodejs;C:\ProgramData\chocolatey\bin;C:\Program Files\dotnet;C:\Program Files\PuTTY;C:\Program Files (x86)\Bitvise SSH Client;C:\Users\Allan\AppData\Local\Programs\Python\Python312\Scripts;C:\Users\Allan\AppData\Local\Programs\Python\Python312;C:\Users\Allan\AppData\Local\Programs\Python\Python311\Scripts;C:\Users\Allan\AppData\Local\Programs\Python\Python311;C:\Users\Allan\AppData\Local\Microsoft\WindowsApps;C:\Users\Allan\AppData\Local\Programs\Microsoft VS Code\bin;C:\Program Files\JetBrains\PyCharm 2023.1.2\bin;C:\Users\Allan\AppData\Local\GitHubDesktop\bin;C:\Users\Allan\AppData\Roaming\npm;C:\Program Files\JetBrains\WebStorm 2023.1.2\bin
USERNAME=Allan
DISPLAY=:0.0
LC_ALL=en_US.UTF-8
TERM=xterm-256color
TMPDIR=C:\Users\Allan\AppData\Local\Temp
OS=Windows_NT
PROCESSOR_IDENTIFIER=Intel64 Family 6 Model 165 Stepping 3, GenuineIntel
TMP=C:\Users\Allan\AppData\Local\Temp
TEMP=C:\Users\Allan\AppData\Local\Temp


JNI global refs:

[error occurred during error reporting (JNI global references), id 0xc0000005, EXCEPTION_ACCESS_VIOLATION (0xc0000005) at pc=0x00007ffb3e847a10]


---------------  S Y S T E M  ---------------

OS:
 Windows 11 , 64 bit Build 22621 (10.0.22621.2506)
OS uptime: 0 days 8:24 hours
Hyper-V role detected

CPU: total 12 (initial active 12) (6 cores per cpu, 2 threads per core) family 6 model 165 stepping 3 microcode 0xf4, cx8, cmov, fxsr, ht, mmx, 3dnowpref, sse, sse2, sse3, ssse3, sse4.1, sse4.2, popcnt, lzcnt, tsc, tscinvbit, avx, avx2, aes, erms, clmul, bmi1, bmi2, adx, fma, vzeroupper, clflush, clflushopt, hv

Memory: 4k page, system-wide physical 16209M (3925M free)
TotalPageFile size 22209M (AvailPageFile size 257M)
current process WorkingSet (physical memory assigned to process): 11M, peak: 11M
current process commit charge ("private bytes"): 64M, peak: 318M

vm_info: OpenJDK 64-Bit Server VM (17.0.6+10-b829.9) for windows-amd64 JRE (17.0.6+10-b829.9), built on 2023-04-09 by "builduser" with MS VC++ 16.10 / 16.11 (VS2019)

END.
